0 info it worked if it ends with ok
1 verbose cli [ '/usr/bin/node', '/usr/bin/npm', 'install', 'tsc' ]
2 info using npm@3.5.2
3 info using node@v8.10.0
4 silly loadCurrentTree Starting
5 silly install loadCurrentTree
6 silly install readLocalPackageData
7 silly fetchPackageMetaData tsc
8 silly fetchNamedPackageData tsc
9 silly mapToRegistry name tsc
10 silly mapToRegistry using default registry
11 silly mapToRegistry registry https://registry.npmjs.org/
12 silly mapToRegistry uri https://registry.npmjs.org/tsc
13 verbose request uri https://registry.npmjs.org/tsc
14 verbose request no auth needed
15 info attempt registry request try #1 at 11:27:21 AM
16 verbose request id b18ad7bf6349eda7
17 http request GET https://registry.npmjs.org/tsc
18 http 200 https://registry.npmjs.org/tsc
19 verbose headers { date: 'Wed, 04 Dec 2019 16:27:21 GMT',
19 verbose headers   'content-type': 'application/json',
19 verbose headers   'transfer-encoding': 'chunked',
19 verbose headers   connection: 'keep-alive',
19 verbose headers   'set-cookie':
19 verbose headers    [ '__cfduid=dc5cf4ec0c6a84aaf611bef3c471e393b1575476841; expires=Fri, 03-Jan-20 16:27:21 GMT; path=/; domain=.npmjs.org; HttpOnly' ],
19 verbose headers   'cf-ray': '53ff25b39930ccde-EWR',
19 verbose headers   'cf-cache-status': 'HIT',
19 verbose headers   'cache-control': 'public, max-age=300',
19 verbose headers   age: '2907',
19 verbose headers   etag: 'W/"3c4a71134167dfae063af96bf853bb87"',
19 verbose headers   'last-modified': 'Mon, 03 Jun 2019 00:27:46 GMT',
19 verbose headers   vary: 'accept-encoding, accept',
19 verbose headers   'expect-ct': 'max-age=604800, report-uri="https://report-uri.cloudflare.com/cdn-cgi/beacon/expect-ct"',
19 verbose headers   server: 'cloudflare',
19 verbose headers   'content-encoding': 'gzip' }
20 silly get cb [ 200,
20 silly get   { date: 'Wed, 04 Dec 2019 16:27:21 GMT',
20 silly get     'content-type': 'application/json',
20 silly get     'transfer-encoding': 'chunked',
20 silly get     connection: 'keep-alive',
20 silly get     'set-cookie':
20 silly get      [ '__cfduid=dc5cf4ec0c6a84aaf611bef3c471e393b1575476841; expires=Fri, 03-Jan-20 16:27:21 GMT; path=/; domain=.npmjs.org; HttpOnly' ],
20 silly get     'cf-ray': '53ff25b39930ccde-EWR',
20 silly get     'cf-cache-status': 'HIT',
20 silly get     'cache-control': 'public, max-age=300',
20 silly get     age: '2907',
20 silly get     etag: 'W/"3c4a71134167dfae063af96bf853bb87"',
20 silly get     'last-modified': 'Mon, 03 Jun 2019 00:27:46 GMT',
20 silly get     vary: 'accept-encoding, accept',
20 silly get     'expect-ct': 'max-age=604800, report-uri="https://report-uri.cloudflare.com/cdn-cgi/beacon/expect-ct"',
20 silly get     server: 'cloudflare',
20 silly get     'content-encoding': 'gzip' } ]
21 verbose get saving tsc to /home/jacob/.npm/registry.npmjs.org/tsc/.cache.json
22 verbose makeDirectory /home/jacob/.npm creation not in flight; initializing
23 silly makeDirectory /home/jacob/.npm uid: 1000 gid: 1000
24 silly install normalizeTree
25 silly loadCurrentTree Finishing
26 silly loadIdealTree Starting
27 silly install loadIdealTree
28 silly cloneCurrentTree Starting
29 silly install cloneCurrentTreeToIdealTree
30 silly cloneCurrentTree Finishing
31 silly loadShrinkwrap Starting
32 silly install loadShrinkwrap
33 silly loadShrinkwrap Finishing
34 silly loadAllDepsIntoIdealTree Starting
35 silly install loadAllDepsIntoIdealTree
36 silly resolveWithNewModule tsc@1.20150623.0 checking installable status
37 silly cache add args [ 'tsc', null ]
38 verbose cache add spec tsc
39 silly cache add parsed spec Result {
39 silly cache add   raw: 'tsc',
39 silly cache add   scope: null,
39 silly cache add   name: 'tsc',
39 silly cache add   rawSpec: '',
39 silly cache add   spec: 'latest',
39 silly cache add   type: 'tag' }
40 silly addNamed tsc@latest
41 verbose addNamed "latest" is being treated as a dist-tag for tsc
42 info addNameTag [ 'tsc', 'latest' ]
43 silly mapToRegistry name tsc
44 silly mapToRegistry using default registry
45 silly mapToRegistry registry https://registry.npmjs.org/
46 silly mapToRegistry uri https://registry.npmjs.org/tsc
47 verbose addNameTag registry:https://registry.npmjs.org/tsc not in flight; fetching
48 verbose get https://registry.npmjs.org/tsc not expired, no request
49 silly addNameTag next cb for tsc with tag latest
50 silly addNamed tsc@1.20150623.0
51 verbose addNamed "1.20150623.0" is a plain semver version for tsc
52 warn deprecated tsc@1.20150623.0: you probably meant to install typescript
53 silly mapToRegistry name tsc
54 silly mapToRegistry using default registry
55 silly mapToRegistry registry https://registry.npmjs.org/
56 silly mapToRegistry uri https://registry.npmjs.org/tsc
57 verbose addRemoteTarball https://registry.npmjs.org/tsc/-/tsc-1.20150623.0.tgz not in flight; adding
58 verbose addRemoteTarball [ 'https://registry.npmjs.org/tsc/-/tsc-1.20150623.0.tgz',
58 verbose addRemoteTarball   '4ebc3c774e169148cbc768a7342533f082c7a6e5' ]
59 info retry fetch attempt 1 at 11:27:21 AM
60 info attempt registry request try #1 at 11:27:21 AM
61 http fetch GET https://registry.npmjs.org/tsc/-/tsc-1.20150623.0.tgz
62 http fetch 200 https://registry.npmjs.org/tsc/-/tsc-1.20150623.0.tgz
63 silly fetchAndShaCheck shasum 4ebc3c774e169148cbc768a7342533f082c7a6e5
64 verbose addTmpTarball /tmp/npm-6667-c4ac742f/registry.npmjs.org/tsc/-/tsc-1.20150623.0.tgz not in flight; adding
65 verbose addTmpTarball already have metadata; skipping unpack for tsc@1.20150623.0
66 silly cache afterAdd tsc@1.20150623.0
67 verbose afterAdd /home/jacob/.npm/tsc/1.20150623.0/package/package.json not in flight; writing
68 verbose afterAdd /home/jacob/.npm/tsc/1.20150623.0/package/package.json written
69 silly loadAllDepsIntoIdealTree Finishing
70 silly idealTree:prePrune Advent-of-Code-2019
70 silly idealTree:prePrune ├── @types/node@12.12.14
70 silly idealTree:prePrune ├── fs@0.0.1-security
70 silly idealTree:prePrune ├── readline@1.3.0
70 silly idealTree:prePrune └── tsc@1.20150623.0
71 silly loadIdealTree Finishing
72 silly currentTree Advent-of-Code-2019
72 silly currentTree ├── @types/node@12.12.14
72 silly currentTree ├── fs@0.0.1-security
72 silly currentTree └── readline@1.3.0
73 silly idealTree Advent-of-Code-2019
73 silly idealTree ├── @types/node@12.12.14
73 silly idealTree ├── fs@0.0.1-security
73 silly idealTree ├── readline@1.3.0
73 silly idealTree └── tsc@1.20150623.0
74 silly generateActionsToTake Starting
75 silly install generateActionsToTake
76 silly generateActionsToTake Finishing
77 silly diffTrees action count 3
78 silly diffTrees update fs@0.0.1-security
79 silly diffTrees update readline@1.3.0
80 silly diffTrees add tsc@1.20150623.0
81 silly decomposeActions action count 24
82 silly decomposeActions fetch fs@0.0.1-security
83 silly decomposeActions extract fs@0.0.1-security
84 silly decomposeActions test fs@0.0.1-security
85 silly decomposeActions preinstall fs@0.0.1-security
86 silly decomposeActions build fs@0.0.1-security
87 silly decomposeActions install fs@0.0.1-security
88 silly decomposeActions postinstall fs@0.0.1-security
89 silly decomposeActions finalize fs@0.0.1-security
90 silly decomposeActions fetch readline@1.3.0
91 silly decomposeActions extract readline@1.3.0
92 silly decomposeActions test readline@1.3.0
93 silly decomposeActions preinstall readline@1.3.0
94 silly decomposeActions build readline@1.3.0
95 silly decomposeActions install readline@1.3.0
96 silly decomposeActions postinstall readline@1.3.0
97 silly decomposeActions finalize readline@1.3.0
98 silly decomposeActions fetch tsc@1.20150623.0
99 silly decomposeActions extract tsc@1.20150623.0
100 silly decomposeActions test tsc@1.20150623.0
101 silly decomposeActions preinstall tsc@1.20150623.0
102 silly decomposeActions build tsc@1.20150623.0
103 silly decomposeActions install tsc@1.20150623.0
104 silly decomposeActions postinstall tsc@1.20150623.0
105 silly decomposeActions finalize tsc@1.20150623.0
106 silly executeActions Starting
107 silly install executeActions
108 silly doSerial global-install 0
109 silly doParallel fetch 3
110 verbose makeDirectory /home/jacob/.npm/_locks creation not in flight; initializing
111 silly makeDirectory /home/jacob/.npm/_locks uid: 1000 gid: 1000
112 verbose lock using /home/jacob/.npm/_locks/staging-468363a35f3a61fa.lock for /mnt/c/Users/Jacob/Documents/code/advent/Advent-of-Code-2019/node_modules/.staging
113 silly doParallel extract 3
114 silly extract fs@0.0.1-security
115 silly extract readline@1.3.0
116 silly extract tsc@1.20150623.0
117 silly addNamed fs@0.0.1-security
118 verbose addNamed "0.0.1-security" is a plain semver version for fs
119 silly mapToRegistry name fs
120 silly mapToRegistry using default registry
121 silly mapToRegistry registry https://registry.npmjs.org/
122 silly mapToRegistry uri https://registry.npmjs.org/fs
123 verbose addNameVersion registry:https://registry.npmjs.org/fs not in flight; fetching
124 silly addNamed readline@1.3.0
125 verbose addNamed "1.3.0" is a plain semver version for readline
126 silly mapToRegistry name readline
127 silly mapToRegistry using default registry
128 silly mapToRegistry registry https://registry.npmjs.org/
129 silly mapToRegistry uri https://registry.npmjs.org/readline
130 verbose addNameVersion registry:https://registry.npmjs.org/readline not in flight; fetching
131 verbose request uri https://registry.npmjs.org/fs
132 verbose request no auth needed
133 info attempt registry request try #1 at 11:27:24 AM
134 http request GET https://registry.npmjs.org/fs
135 verbose request uri https://registry.npmjs.org/readline
136 verbose request no auth needed
137 info attempt registry request try #1 at 11:27:24 AM
138 http request GET https://registry.npmjs.org/readline
139 verbose unbuild node_modules/.staging/tsc-6a599b57
140 silly gentlyRm /mnt/c/Users/Jacob/Documents/code/advent/Advent-of-Code-2019/node_modules/.staging/tsc-6a599b57 is being purged from base /mnt/c/Users/Jacob/Documents/code/advent/Advent-of-Code-2019
141 verbose gentlyRm don't care about contents; nuking /mnt/c/Users/Jacob/Documents/code/advent/Advent-of-Code-2019/node_modules/.staging/tsc-6a599b57
142 verbose tar unpack /home/jacob/.npm/tsc/1.20150623.0/package.tgz
143 verbose tar unpacking to /mnt/c/Users/Jacob/Documents/code/advent/Advent-of-Code-2019/node_modules/.staging/tsc-6a599b57
144 silly gentlyRm /mnt/c/Users/Jacob/Documents/code/advent/Advent-of-Code-2019/node_modules/.staging/tsc-6a599b57 is being purged
145 verbose gentlyRm don't care about contents; nuking /mnt/c/Users/Jacob/Documents/code/advent/Advent-of-Code-2019/node_modules/.staging/tsc-6a599b57
146 silly gunzTarPerm modes [ '777', '666' ]
147 silly gunzTarPerm extractEntry package.json
148 http 200 https://registry.npmjs.org/fs
149 verbose headers { date: 'Wed, 04 Dec 2019 16:27:24 GMT',
149 verbose headers   'content-type': 'application/json',
149 verbose headers   'transfer-encoding': 'chunked',
149 verbose headers   connection: 'keep-alive',
149 verbose headers   'set-cookie':
149 verbose headers    [ '__cfduid=d8b1edee5bb8a4b2bdececdad49eaad831575476844; expires=Fri, 03-Jan-20 16:27:24 GMT; path=/; domain=.npmjs.org; HttpOnly' ],
149 verbose headers   'cf-ray': '53ff25c6bca6ccde-EWR',
149 verbose headers   'cf-cache-status': 'HIT',
149 verbose headers   'cache-control': 'public, max-age=300',
149 verbose headers   age: '76',
149 verbose headers   etag: 'W/"31ff75b0a60ab91d49b89bbf50a6b2b6"',
149 verbose headers   'last-modified': 'Fri, 15 Nov 2019 23:33:29 GMT',
149 verbose headers   vary: 'accept-encoding, accept',
149 verbose headers   'expect-ct': 'max-age=604800, report-uri="https://report-uri.cloudflare.com/cdn-cgi/beacon/expect-ct"',
149 verbose headers   server: 'cloudflare',
149 verbose headers   'content-encoding': 'gzip' }
150 silly get cb [ 200,
150 silly get   { date: 'Wed, 04 Dec 2019 16:27:24 GMT',
150 silly get     'content-type': 'application/json',
150 silly get     'transfer-encoding': 'chunked',
150 silly get     connection: 'keep-alive',
150 silly get     'set-cookie':
150 silly get      [ '__cfduid=d8b1edee5bb8a4b2bdececdad49eaad831575476844; expires=Fri, 03-Jan-20 16:27:24 GMT; path=/; domain=.npmjs.org; HttpOnly' ],
150 silly get     'cf-ray': '53ff25c6bca6ccde-EWR',
150 silly get     'cf-cache-status': 'HIT',
150 silly get     'cache-control': 'public, max-age=300',
150 silly get     age: '76',
150 silly get     etag: 'W/"31ff75b0a60ab91d49b89bbf50a6b2b6"',
150 silly get     'last-modified': 'Fri, 15 Nov 2019 23:33:29 GMT',
150 silly get     vary: 'accept-encoding, accept',
150 silly get     'expect-ct': 'max-age=604800, report-uri="https://report-uri.cloudflare.com/cdn-cgi/beacon/expect-ct"',
150 silly get     server: 'cloudflare',
150 silly get     'content-encoding': 'gzip' } ]
151 verbose get saving fs to /home/jacob/.npm/registry.npmjs.org/fs/.cache.json
152 silly gunzTarPerm extractEntry .npmignore
153 silly gunzTarPerm extractEntry README.md
154 error tar.unpack untar error /home/jacob/.npm/tsc/1.20150623.0/package.tgz
155 silly mapToRegistry name fs
156 silly mapToRegistry using default registry
157 silly mapToRegistry registry https://registry.npmjs.org/
158 silly mapToRegistry uri https://registry.npmjs.org/fs
159 verbose addRemoteTarball https://registry.npmjs.org/fs/-/fs-0.0.1-security.tgz not in flight; adding
160 verbose addRemoteTarball [ 'https://registry.npmjs.org/fs/-/fs-0.0.1-security.tgz',
160 verbose addRemoteTarball   '8a7bd37186b6dddf3813f23858b57ecaaf5e41d4' ]
161 info retry fetch attempt 1 at 11:27:24 AM
162 info attempt registry request try #1 at 11:27:24 AM
163 http fetch GET https://registry.npmjs.org/fs/-/fs-0.0.1-security.tgz
164 http 200 https://registry.npmjs.org/readline
165 verbose headers { date: 'Wed, 04 Dec 2019 16:27:24 GMT',
165 verbose headers   'content-type': 'application/json; charset=UTF-8',
165 verbose headers   'transfer-encoding': 'chunked',
165 verbose headers   connection: 'keep-alive',
165 verbose headers   'set-cookie':
165 verbose headers    [ '__cfduid=d57513460bb873536026a72ad8c87b2e61575476844; expires=Fri, 03-Jan-20 16:27:24 GMT; path=/; domain=.npmjs.org; HttpOnly' ],
165 verbose headers   'cf-ray': '53ff25c6fa87e6b8-EWR',
165 verbose headers   'cf-cache-status': 'HIT',
165 verbose headers   'cache-control': 'public, max-age=300',
165 verbose headers   age: '2378',
165 verbose headers   etag: 'W/"0ea9750650b6f980325d1b9c982baf83"',
165 verbose headers   'last-modified': 'Sun, 27 May 2018 15:27:01 GMT',
165 verbose headers   vary: 'accept-encoding, accept',
165 verbose headers   'expect-ct': 'max-age=604800, report-uri="https://report-uri.cloudflare.com/cdn-cgi/beacon/expect-ct"',
165 verbose headers   server: 'cloudflare',
165 verbose headers   'content-encoding': 'gzip' }
166 silly get cb [ 200,
166 silly get   { date: 'Wed, 04 Dec 2019 16:27:24 GMT',
166 silly get     'content-type': 'application/json; charset=UTF-8',
166 silly get     'transfer-encoding': 'chunked',
166 silly get     connection: 'keep-alive',
166 silly get     'set-cookie':
166 silly get      [ '__cfduid=d57513460bb873536026a72ad8c87b2e61575476844; expires=Fri, 03-Jan-20 16:27:24 GMT; path=/; domain=.npmjs.org; HttpOnly' ],
166 silly get     'cf-ray': '53ff25c6fa87e6b8-EWR',
166 silly get     'cf-cache-status': 'HIT',
166 silly get     'cache-control': 'public, max-age=300',
166 silly get     age: '2378',
166 silly get     etag: 'W/"0ea9750650b6f980325d1b9c982baf83"',
166 silly get     'last-modified': 'Sun, 27 May 2018 15:27:01 GMT',
166 silly get     vary: 'accept-encoding, accept',
166 silly get     'expect-ct': 'max-age=604800, report-uri="https://report-uri.cloudflare.com/cdn-cgi/beacon/expect-ct"',
166 silly get     server: 'cloudflare',
166 silly get     'content-encoding': 'gzip' } ]
167 verbose get saving readline to /home/jacob/.npm/registry.npmjs.org/readline/.cache.json
168 http fetch 200 https://registry.npmjs.org/fs/-/fs-0.0.1-security.tgz
169 silly fetchAndShaCheck shasum 8a7bd37186b6dddf3813f23858b57ecaaf5e41d4
170 silly mapToRegistry name readline
171 silly mapToRegistry using default registry
172 silly mapToRegistry registry https://registry.npmjs.org/
173 silly mapToRegistry uri https://registry.npmjs.org/readline
174 verbose addRemoteTarball https://registry.npmjs.org/readline/-/readline-1.3.0.tgz not in flight; adding
175 verbose addRemoteTarball [ 'https://registry.npmjs.org/readline/-/readline-1.3.0.tgz',
175 verbose addRemoteTarball   'c580d77ef2cfc8752b132498060dc9793a7ac01c' ]
176 verbose addTmpTarball /tmp/npm-6667-c4ac742f/registry.npmjs.org/fs/-/fs-0.0.1-security.tgz not in flight; adding
177 verbose addTmpTarball already have metadata; skipping unpack for fs@0.0.1-security
178 info retry fetch attempt 1 at 11:27:24 AM
179 info attempt registry request try #1 at 11:27:24 AM
180 http fetch GET https://registry.npmjs.org/readline/-/readline-1.3.0.tgz
181 verbose unbuild node_modules/.staging/fs-5d6ec4ed
182 silly gentlyRm /mnt/c/Users/Jacob/Documents/code/advent/Advent-of-Code-2019/node_modules/.staging/fs-5d6ec4ed is being purged from base /mnt/c/Users/Jacob/Documents/code/advent/Advent-of-Code-2019
183 verbose gentlyRm don't care about contents; nuking /mnt/c/Users/Jacob/Documents/code/advent/Advent-of-Code-2019/node_modules/.staging/fs-5d6ec4ed
184 verbose tar unpack /home/jacob/.npm/fs/0.0.1-security/package.tgz
185 verbose tar unpacking to /mnt/c/Users/Jacob/Documents/code/advent/Advent-of-Code-2019/node_modules/.staging/fs-5d6ec4ed
186 silly gentlyRm /mnt/c/Users/Jacob/Documents/code/advent/Advent-of-Code-2019/node_modules/.staging/fs-5d6ec4ed is being purged
187 verbose gentlyRm don't care about contents; nuking /mnt/c/Users/Jacob/Documents/code/advent/Advent-of-Code-2019/node_modules/.staging/fs-5d6ec4ed
188 silly gunzTarPerm modes [ '777', '666' ]
189 silly gunzTarPerm extractEntry package.json
190 silly gunzTarPerm modified mode [ 'package.json', 420, 438 ]
191 silly gunzTarPerm extractEntry README.md
192 silly gunzTarPerm modified mode [ 'README.md', 420, 438 ]
193 http fetch 200 https://registry.npmjs.org/readline/-/readline-1.3.0.tgz
194 error tar.unpack untar error /home/jacob/.npm/fs/0.0.1-security/package.tgz
195 silly fetchAndShaCheck shasum c580d77ef2cfc8752b132498060dc9793a7ac01c
196 verbose addTmpTarball /tmp/npm-6667-c4ac742f/registry.npmjs.org/readline/-/readline-1.3.0.tgz not in flight; adding
197 verbose addTmpTarball already have metadata; skipping unpack for readline@1.3.0
198 verbose unbuild node_modules/.staging/readline-dd5e602b
199 silly gentlyRm /mnt/c/Users/Jacob/Documents/code/advent/Advent-of-Code-2019/node_modules/.staging/readline-dd5e602b is being purged from base /mnt/c/Users/Jacob/Documents/code/advent/Advent-of-Code-2019
200 verbose gentlyRm don't care about contents; nuking /mnt/c/Users/Jacob/Documents/code/advent/Advent-of-Code-2019/node_modules/.staging/readline-dd5e602b
201 verbose tar unpack /home/jacob/.npm/readline/1.3.0/package.tgz
202 verbose tar unpacking to /mnt/c/Users/Jacob/Documents/code/advent/Advent-of-Code-2019/node_modules/.staging/readline-dd5e602b
203 silly gentlyRm /mnt/c/Users/Jacob/Documents/code/advent/Advent-of-Code-2019/node_modules/.staging/readline-dd5e602b is being purged
204 verbose gentlyRm don't care about contents; nuking /mnt/c/Users/Jacob/Documents/code/advent/Advent-of-Code-2019/node_modules/.staging/readline-dd5e602b
205 silly gunzTarPerm modes [ '777', '666' ]
206 silly gunzTarPerm extractEntry package.json
207 silly gunzTarPerm modified mode [ 'package.json', 420, 438 ]
208 silly gunzTarPerm extractEntry .npmignore
209 silly gunzTarPerm modified mode [ '.npmignore', 420, 438 ]
210 silly gunzTarPerm extractEntry README.md
211 silly gunzTarPerm modified mode [ 'README.md', 420, 438 ]
212 error tar.unpack untar error /home/jacob/.npm/readline/1.3.0/package.tgz
213 verbose unlock done using /home/jacob/.npm/_locks/staging-468363a35f3a61fa.lock for /mnt/c/Users/Jacob/Documents/code/advent/Advent-of-Code-2019/node_modules/.staging
214 silly rollbackFailedOptional Starting
215 silly rollbackFailedOptional Finishing
216 silly runTopLevelLifecycles Starting
217 silly runTopLevelLifecycles Finishing
218 silly install printInstalled
219 warn Advent-of-Code-2019 No description
220 warn Advent-of-Code-2019 No repository field.
221 warn Advent-of-Code-2019 No license field.
222 verbose fstream_path /mnt/c/Users/Jacob/Documents/code/advent/Advent-of-Code-2019/node_modules/.staging/tsc-6a599b57/package.json
223 verbose fstream_type File
224 verbose fstream_class FileWriter
225 verbose fstream_finish_call chmod
226 verbose stack Error: EPERM: operation not permitted, chmod '/mnt/c/Users/Jacob/Documents/code/advent/Advent-of-Code-2019/node_modules/.staging/tsc-6a599b57/package.json'
227 verbose fstream_stack /usr/share/npm/node_modules/fstream/lib/writer.js:306:21
227 verbose fstream_stack FSReqWrap.oncomplete (fs.js:135:15)
228 verbose cwd /mnt/c/Users/Jacob/Documents/code/advent/Advent-of-Code-2019
229 error Linux 4.4.0-18362-Microsoft
230 error argv "/usr/bin/node" "/usr/bin/npm" "install" "tsc"
231 error node v8.10.0
232 error npm  v3.5.2
233 error path /mnt/c/Users/Jacob/Documents/code/advent/Advent-of-Code-2019/node_modules/.staging/tsc-6a599b57/package.json
234 error code EPERM
235 error errno -1
236 error syscall chmod
237 error Error: EPERM: operation not permitted, chmod '/mnt/c/Users/Jacob/Documents/code/advent/Advent-of-Code-2019/node_modules/.staging/tsc-6a599b57/package.json'
237 error  { Error: EPERM: operation not permitted, chmod '/mnt/c/Users/Jacob/Documents/code/advent/Advent-of-Code-2019/node_modules/.staging/tsc-6a599b57/package.json'
237 error   errno: -1,
237 error   code: 'EPERM',
237 error   syscall: 'chmod',
237 error   path: '/mnt/c/Users/Jacob/Documents/code/advent/Advent-of-Code-2019/node_modules/.staging/tsc-6a599b57/package.json',
237 error   fstream_finish_call: 'chmod',
237 error   fstream_type: 'File',
237 error   fstream_path: '/mnt/c/Users/Jacob/Documents/code/advent/Advent-of-Code-2019/node_modules/.staging/tsc-6a599b57/package.json',
237 error   fstream_class: 'FileWriter',
237 error   fstream_stack:
237 error    [ '/usr/share/npm/node_modules/fstream/lib/writer.js:306:21',
237 error      'FSReqWrap.oncomplete (fs.js:135:15)' ] }
238 error Please try running this command again as root/Administrator.
239 verbose exit [ -1, true ]
